[2013-08-19 08:21:08] Codeception.ALERT: Class ParticipationController does not exist [] []
[2013-08-19 08:21:08] Codeception.INFO: # ERROR # [] []
[2013-08-19 08:21:08] Codeception.INFO: PASSED [] []
[2013-08-19 08:57:50] Codeception.ALERT:  [] []
[2013-08-19 08:57:50] Codeception.INFO: # ERROR # [] []
[2013-08-19 08:57:50] Codeception.INFO: PASSED [] []
[2013-08-19 09:00:02] Codeception.ALERT:  [] []
[2013-08-19 09:00:02] Codeception.INFO: # ERROR # [] []
[2013-08-19 09:00:02] Codeception.INFO: PASSED [] []
[2013-08-19 13:12:55] Codeception.ALERT:  [] []
[2013-08-19 13:12:55] Codeception.INFO: # ERROR # [] []
[2013-08-19 13:12:55] Codeception.INFO: PASSED [] []
[2013-08-19 13:13:19] Codeception.ALERT:  [] []
[2013-08-19 13:13:19] Codeception.INFO: # ERROR # [] []
[2013-08-19 13:13:19] Codeception.INFO: PASSED [] []
[2013-08-19 13:19:48] Codeception.ALERT:  [] []
[2013-08-19 13:19:48] Codeception.INFO: # ERROR # [] []
[2013-08-19 13:19:48] Codeception.INFO: PASSED [] []
[2013-08-19 13:21:47] Codeception.ALERT: Class ParticipationController does not exist [] []
[2013-08-19 13:21:47] Codeception.INFO: # ERROR # [] []
[2013-08-19 13:21:47] Codeception.INFO: PASSED [] []
[2013-08-19 13:24:28] Codeception.ALERT: The response was not a view.
Failed asserting that false is true. [] []
[2013-08-19 13:24:28] Codeception.INFO: # FAILED # [] []
[2013-08-19 13:24:28] Codeception.INFO: PASSED [] []
[2013-08-19 14:17:25] Codeception.ALERT: View [participation.create] not found. [] []
[2013-08-19 14:17:25] Codeception.INFO: # ERROR # [] []
[2013-08-19 14:17:25] Codeception.INFO: PASSED [] []
[2013-08-19 14:24:59] Codeception.ALERT: Class LaQues\Controllers\ParticipationController does not exist [] []
[2013-08-19 14:24:59] Codeception.INFO: # ERROR # [] []
[2013-08-19 14:24:59] Codeception.INFO: PASSED [] []
[2013-08-19 14:28:11] Codeception.ALERT: Class LaQues\Controllers\ParticipationController does not exist [] []
[2013-08-19 14:28:11] Codeception.INFO: # ERROR # [] []
[2013-08-19 14:28:11] Codeception.INFO: PASSED [] []
[2013-08-19 14:30:08] Codeception.ALERT: Class LaQues\Controllers\ParticipationController does not exist [] []
[2013-08-19 14:30:08] Codeception.INFO: # ERROR # [] []
[2013-08-19 14:30:08] Codeception.INFO: PASSED [] []
[2013-08-19 14:31:13] Codeception.ALERT: Class LaQues\Controllers\ParticipationController does not exist [] []
[2013-08-19 14:31:13] Codeception.INFO: # ERROR # [] []
[2013-08-19 14:31:13] Codeception.INFO: PASSED [] []
[2013-08-19 14:31:54] Codeception.ALERT: Class LaQues\Controllers\SurveyRepositoryInterface does not exist [] []
[2013-08-19 14:31:54] Codeception.INFO: # ERROR # [] []
[2013-08-19 14:31:54] Codeception.INFO: PASSED [] []
[2013-08-19 14:35:36] Codeception.ALERT: Target [LaQues\Database\Contracts\SurveyRepositoryInterface] is not instantiable. [] []
[2013-08-19 14:35:36] Codeception.INFO: # ERROR # [] []
[2013-08-19 14:35:36] Codeception.INFO: PASSED [] []
[2013-08-19 14:43:06] Codeception.ALERT: Target [LaQues\Database\Contracts\SurveyRepositoryInterface] is not instantiable. [] []
[2013-08-19 14:43:06] Codeception.INFO: # ERROR # [] []
[2013-08-19 14:43:06] Codeception.INFO: PASSED [] []
[2013-08-19 14:44:19] Codeception.ALERT: View [participation.create] not found. [] []
[2013-08-19 14:44:19] Codeception.INFO: # ERROR # [] []
[2013-08-19 14:44:19] Codeception.INFO: PASSED [] []
[2013-08-19 14:47:13] Codeception.ALERT: Failed asserting that null is an instance of class "Survey". [] []
[2013-08-19 14:47:13] Codeception.INFO: # FAILED # [] []
[2013-08-19 14:47:13] Codeception.INFO: PASSED [] []
[2013-08-19 14:49:37] Codeception.INFO: PASSED [] []
[2013-08-19 15:06:08] Codeception.INFO: PASSED [] []
[2013-08-19 15:06:08] Codeception.ALERT: Failed asserting that exception of type "Mockery\Exception\NoMatchingExpectationException" matches expected exception "Symfony\Component\HttpKernel\Exception\NotFoundHttpException". Message was: "No matching handler found for LaQues\Database\Contracts\SurveyRepositoryInterface::find("1"). Either the method was unexpected or its arguments matched no expected argument list for this method

". [] []
[2013-08-19 15:06:08] Codeception.INFO: # FAILED # [] []
[2013-08-19 15:06:08] Codeception.INFO: PASSED [] []
[2013-08-19 15:06:41] Codeception.INFO: PASSED [] []
[2013-08-19 15:06:41] Codeception.ALERT: Failed asserting that exception of type "Mockery\Exception\NoMatchingExpectationException" matches expected exception "Symfony\Component\HttpKernel\Exception\NotFoundHttpException". Message was: "No matching handler found for LaQues\Database\Contracts\SurveyRepositoryInterface::find("1"). Either the method was unexpected or its arguments matched no expected argument list for this method

". [] []
[2013-08-19 15:06:41] Codeception.INFO: # FAILED # [] []
[2013-08-19 15:06:41] Codeception.INFO: PASSED [] []
[2013-08-19 15:07:16] Codeception.INFO: PASSED [] []
[2013-08-19 15:07:16] Codeception.ALERT: Failed asserting that exception of type "Mockery\Exception\NoMatchingExpectationException" matches expected exception "Symfony\Component\HttpKernel\Exception\NotFoundHttpException". Message was: "No matching handler found for LaQues\Database\Contracts\SurveyRepositoryInterface::find("1"). Either the method was unexpected or its arguments matched no expected argument list for this method

". [] []
[2013-08-19 15:07:16] Codeception.INFO: # FAILED # [] []
[2013-08-19 15:07:16] Codeception.INFO: PASSED [] []
[2013-08-19 15:07:59] Codeception.INFO: PASSED [] []
[2013-08-19 15:08:34] Codeception.INFO: PASSED [] []
[2013-08-19 15:08:35] Codeception.INFO: PASSED [] []
